
Tem 25, 2018 12:06:18.02 NEW SESSION
Tem 25, 2018 12:06:18.02 [1:1:0725/120618.018832:ERROR:text_encoding_registry.cc(138)] alias ISO-8859-8-I maps to ISO-8859-8-I already, but someone is trying to make it map to ISO-8859-8
Tem 25, 2018 12:06:18.02 [1:1:0725/120618.018838:ERROR:text_encoding_registry.cc(138)] alias ISO-8859-8-I maps to ISO-8859-8-I already, but someone is trying to make it map to ISO-8859-8
Tem 25, 2018 12:07:28.70 [1:1:0725/120728.702318:ERROR:text_encoding_registry.cc(138)] alias ISO-8859-8-I maps to ISO-8859-8-I already, but someone is trying to make it map to ISO-8859-8
Tem 25, 2018 12:07:28.70 [1:1:0725/120728.705102:ERROR:text_encoding_registry.cc(138)] alias ISO-8859-8-I maps to ISO-8859-8-I already, but someone is trying to make it map to ISO-8859-8
Tem 25, 2018 12:08:38.46 [1:1:0725/120838.462183:ERROR:text_encoding_registry.cc(138)] alias ISO-8859-8-I maps to ISO-8859-8-I already, but someone is trying to make it map to ISO-8859-8
Tem 25, 2018 12:08:38.47 [1:1:0725/120838.471149:ERROR:text_encoding_registry.cc(138)] alias ISO-8859-8-I maps to ISO-8859-8-I already, but someone is trying to make it map to ISO-8859-8
Tem 25, 2018 12:14:12.25 [1:1:0725/121412.255284:ERROR:text_encoding_registry.cc(138)] alias ISO-8859-8-I maps to ISO-8859-8-I already, but someone is trying to make it map to ISO-8859-8
Tem 25, 2018 12:14:12.26 [1:1:0725/121412.264497:ERROR:text_encoding_registry.cc(138)] alias ISO-8859-8-I maps to ISO-8859-8-I already, but someone is trying to make it map to ISO-8859-8
Tem 25, 2018 12:14:34.50 Gtk-Message: 12:14:34.500: GtkDialog mapped without a transient parent. This is discouraged.
Tem 25, 2018 12:15:19.73 [1:1:0725/121519.739012:ERROR:text_encoding_registry.cc(138)] alias ISO-8859-8-I maps to ISO-8859-8-I already, but someone is trying to make it map to ISO-8859-8
Tem 25, 2018 12:15:19.74 [1:1:0725/121519.741167:ERROR:text_encoding_registry.cc(138)] alias ISO-8859-8-I maps to ISO-8859-8-I already, but someone is trying to make it map to ISO-8859-8
Tem 25, 2018 12:35:35.94 [1:1:0725/123535.946373:ERROR:text_encoding_registry.cc(138)] alias ISO-8859-8-I maps to ISO-8859-8-I already, but someone is trying to make it map to ISO-8859-8
Tem 25, 2018 12:35:36.12 Mevcut tarayıcı oturumunda yeni pencere oluşturuldu.
Tem 25, 2018 12:35:44.70 [1:1:0725/123544.707036:ERROR:text_encoding_registry.cc(138)] alias ISO-8859-8-I maps to ISO-8859-8-I already, but someone is trying to make it map to ISO-8859-8
Tem 25, 2018 12:35:44.71 [1:1:0725/123544.711150:ERROR:text_encoding_registry.cc(138)] alias ISO-8859-8-I maps to ISO-8859-8-I already, but someone is trying to make it map to ISO-8859-8
Tem 25, 2018 12:39:29.97 [1:1:0725/123929.975915:ERROR:text_encoding_registry.cc(138)] alias ISO-8859-8-I maps to ISO-8859-8-I already, but someone is trying to make it map to ISO-8859-8
Tem 25, 2018 12:39:29.97 [1:1:0725/123929.977841:ERROR:text_encoding_registry.cc(138)] alias ISO-8859-8-I maps to ISO-8859-8-I already, but someone is trying to make it map to ISO-8859-8
Tem 25, 2018 12:40:01.67 [1:1:0725/124001.677968:ERROR:text_encoding_registry.cc(138)] alias ISO-8859-8-I maps to ISO-8859-8-I already, but someone is trying to make it map to ISO-8859-8
Tem 25, 2018 12:40:01.68 [1:1:0725/124001.682495:ERROR:text_encoding_registry.cc(138)] alias ISO-8859-8-I maps to ISO-8859-8-I already, but someone is trying to make it map to ISO-8859-8
Tem 25, 2018 12:40:14.44 [1:1:0725/124014.440863:ERROR:text_encoding_registry.cc(138)] alias ISO-8859-8-I maps to ISO-8859-8-I already, but someone is trying to make it map to ISO-8859-8
Tem 25, 2018 12:40:14.44 [1:1:0725/124014.447270:ERROR:text_encoding_registry.cc(138)] alias ISO-8859-8-I maps to ISO-8859-8-I already, but someone is trying to make it map to ISO-8859-8
Tem 25, 2018 12:40:37.65 [1:1:0725/124037.657752:ERROR:text_encoding_registry.cc(138)] alias ISO-8859-8-I maps to ISO-8859-8-I already, but someone is trying to make it map to ISO-8859-8
Tem 25, 2018 12:40:37.66 [1:1:0725/124037.667865:ERROR:text_encoding_registry.cc(138)] alias ISO-8859-8-I maps to ISO-8859-8-I already, but someone is trying to make it map to ISO-8859-8
Tem 25, 2018 12:41:14.45 [1:1:0725/124114.459205:ERROR:text_encoding_registry.cc(138)] alias ISO-8859-8-I maps to ISO-8859-8-I already, but someone is trying to make it map to ISO-8859-8
Tem 25, 2018 12:41:14.46 [1:1:0725/124114.465542:ERROR:text_encoding_registry.cc(138)] alias ISO-8859-8-I maps to ISO-8859-8-I already, but someone is trying to make it map to ISO-8859-8
Tem 25, 2018 12:41:27.62 [1:1:0725/124127.627130:ERROR:text_encoding_registry.cc(138)] alias ISO-8859-8-I maps to ISO-8859-8-I already, but someone is trying to make it map to ISO-8859-8
Tem 25, 2018 12:41:27.63 [1:1:0725/124127.633303:ERROR:text_encoding_registry.cc(138)] alias ISO-8859-8-I maps to ISO-8859-8-I already, but someone is trying to make it map to ISO-8859-8
Tem 25, 2018 12:42:20.45 [13297:13297:0725/124220.457361:ERROR:in_progress_cache_impl.cc(188)] Cache is not initialized, cannot RetrieveEntry.
Tem 25, 2018 12:42:20.50 [1:1:0725/124220.503765:ERROR:text_encoding_registry.cc(138)] alias ISO-8859-8-I maps to ISO-8859-8-I already, but someone is trying to make it map to ISO-8859-8
Tem 25, 2018 12:42:20.51 [1:1:0725/124220.514762:ERROR:text_encoding_registry.cc(138)] alias ISO-8859-8-I maps to ISO-8859-8-I already, but someone is trying to make it map to ISO-8859-8
Tem 25, 2018 12:42:49.20 [1:1:0725/124249.203310:ERROR:text_encoding_registry.cc(138)] alias ISO-8859-8-I maps to ISO-8859-8-I already, but someone is trying to make it map to ISO-8859-8
Tem 25, 2018 12:42:49.20 [1:1:0725/124249.207374:ERROR:text_encoding_registry.cc(138)] alias ISO-8859-8-I maps to ISO-8859-8-I already, but someone is trying to make it map to ISO-8859-8
Tem 25, 2018 12:43:07.27 [13819:13819:0725/124307.277888:ERROR:in_progress_cache_impl.cc(188)] Cache is not initialized, cannot RetrieveEntry.
Tem 25, 2018 12:43:07.32 [1:1:0725/124307.326877:ERROR:text_encoding_registry.cc(138)] alias ISO-8859-8-I maps to ISO-8859-8-I already, but someone is trying to make it map to ISO-8859-8
Tem 25, 2018 12:43:07.33 [1:1:0725/124307.331068:ERROR:text_encoding_registry.cc(138)] alias ISO-8859-8-I maps to ISO-8859-8-I already, but someone is trying to make it map to ISO-8859-8
Tem 25, 2018 12:48:29.19 [1:1:0725/124829.198293:ERROR:text_encoding_registry.cc(138)] alias ISO-8859-8-I maps to ISO-8859-8-I already, but someone is trying to make it map to ISO-8859-8
Tem 25, 2018 12:48:29.20 [1:1:0725/124829.203210:ERROR:text_encoding_registry.cc(138)] alias ISO-8859-8-I maps to ISO-8859-8-I already, but someone is trying to make it map to ISO-8859-8
Tem 25, 2018 12:50:48.37 [1:1:0725/125048.373295:ERROR:text_encoding_registry.cc(138)] alias ISO-8859-8-I maps to ISO-8859-8-I already, but someone is trying to make it map to ISO-8859-8
Tem 25, 2018 12:50:48.37 [1:1:0725/125048.374550:ERROR:text_encoding_registry.cc(138)] alias ISO-8859-8-I maps to ISO-8859-8-I already, but someone is trying to make it map to ISO-8859-8
Tem 25, 2018 12:51:10.14 [1:1:0725/125110.141663:ERROR:text_encoding_registry.cc(138)] alias ISO-8859-8-I maps to ISO-8859-8-I already, but someone is trying to make it map to ISO-8859-8
Tem 25, 2018 12:51:10.14 [1:1:0725/125110.145352:ERROR:text_encoding_registry.cc(138)] alias ISO-8859-8-I maps to ISO-8859-8-I already, but someone is trying to make it map to ISO-8859-8
Tem 25, 2018 12:51:34.37 [1:1:0725/125134.375947:ERROR:text_encoding_registry.cc(138)] alias ISO-8859-8-I maps to ISO-8859-8-I already, but someone is trying to make it map to ISO-8859-8
Tem 25, 2018 12:51:34.39 [1:1:0725/125134.392417:ERROR:text_encoding_registry.cc(138)] alias ISO-8859-8-I maps to ISO-8859-8-I already, but someone is trying to make it map to ISO-8859-8
Tem 25, 2018 12:52:40.07 [15605:15605:0725/125240.078515:ERROR:in_progress_cache_impl.cc(188)] Cache is not initialized, cannot RetrieveEntry.
Tem 25, 2018 12:52:40.14 [1:1:0725/125240.138328:ERROR:text_encoding_registry.cc(138)] alias ISO-8859-8-I maps to ISO-8859-8-I already, but someone is trying to make it map to ISO-8859-8
Tem 25, 2018 12:52:40.14 [1:1:0725/125240.142979:ERROR:text_encoding_registry.cc(138)] alias ISO-8859-8-I maps to ISO-8859-8-I already, but someone is trying to make it map to ISO-8859-8
Tem 25, 2018 12:54:18.60 [1:1:0725/125418.603086:ERROR:text_encoding_registry.cc(138)] alias ISO-8859-8-I maps to ISO-8859-8-I already, but someone is trying to make it map to ISO-8859-8
Tem 25, 2018 12:54:18.60 [1:1:0725/125418.607778:ERROR:text_encoding_registry.cc(138)] alias ISO-8859-8-I maps to ISO-8859-8-I already, but someone is trying to make it map to ISO-8859-8
Tem 25, 2018 12:57:00.74 [1:1:0725/125700.743421:ERROR:text_encoding_registry.cc(138)] alias ISO-8859-8-I maps to ISO-8859-8-I already, but someone is trying to make it map to ISO-8859-8
Tem 25, 2018 12:57:02.67 [1:1:0725/125702.672746:ERROR:text_encoding_registry.cc(138)] alias ISO-8859-8-I maps to ISO-8859-8-I already, but someone is trying to make it map to ISO-8859-8
Tem 25, 2018 12:57:04.42 [1:1:0725/125704.425775:ERROR:text_encoding_registry.cc(138)] alias ISO-8859-8-I maps to ISO-8859-8-I already, but someone is trying to make it map to ISO-8859-8
Tem 25, 2018 12:57:14.80 [1:1:0725/125714.808799:ERROR:text_encoding_registry.cc(138)] alias ISO-8859-8-I maps to ISO-8859-8-I already, but someone is trying to make it map to ISO-8859-8
Tem 25, 2018 12:57:14.87 [1:1:0725/125714.870023:ERROR:text_encoding_registry.cc(138)] alias ISO-8859-8-I maps to ISO-8859-8-I already, but someone is trying to make it map to ISO-8859-8
Tem 25, 2018 13:26:20.25 [1:1:0725/132620.247903:ERROR:text_encoding_registry.cc(138)] alias ISO-8859-8-I maps to ISO-8859-8-I already, but someone is trying to make it map to ISO-8859-8
Tem 25, 2018 13:26:20.41 Mevcut tarayıcı oturumunda yeni pencere oluşturuldu.
Tem 25, 2018 13:27:25.16 [1:1:0725/132725.169021:ERROR:text_encoding_registry.cc(138)] alias ISO-8859-8-I maps to ISO-8859-8-I already, but someone is trying to make it map to ISO-8859-8
Tem 25, 2018 13:27:25.28 Mevcut tarayıcı oturumunda yeni pencere oluşturuldu.
Tem 25, 2018 13:27:46.55 [1:1:0725/132746.554419:ERROR:text_encoding_registry.cc(138)] alias ISO-8859-8-I maps to ISO-8859-8-I already, but someone is trying to make it map to ISO-8859-8
Tem 25, 2018 13:27:46.55 [1:1:0725/132746.558659:ERROR:text_encoding_registry.cc(138)] alias ISO-8859-8-I maps to ISO-8859-8-I already, but someone is trying to make it map to ISO-8859-8
Tem 25, 2018 13:28:39.43 [1:1:0725/132839.431569:ERROR:text_encoding_registry.cc(138)] alias ISO-8859-8-I maps to ISO-8859-8-I already, but someone is trying to make it map to ISO-8859-8
Tem 25, 2018 13:28:39.44 [1:1:0725/132839.441618:ERROR:text_encoding_registry.cc(138)] alias ISO-8859-8-I maps to ISO-8859-8-I already, but someone is trying to make it map to ISO-8859-8
Tem 25, 2018 13:28:52.53 [1:1:0725/132852.534875:ERROR:text_encoding_registry.cc(138)] alias ISO-8859-8-I maps to ISO-8859-8-I already, but someone is trying to make it map to ISO-8859-8
Tem 25, 2018 13:28:52.53 [1:1:0725/132852.534876:ERROR:text_encoding_registry.cc(138)] alias ISO-8859-8-I maps to ISO-8859-8-I already, but someone is trying to make it map to ISO-8859-8
Tem 25, 2018 13:30:29.28 [1:1:0725/133029.283680:ERROR:text_encoding_registry.cc(138)] alias ISO-8859-8-I maps to ISO-8859-8-I already, but someone is trying to make it map to ISO-8859-8
Tem 25, 2018 13:30:29.28 [1:1:0725/133029.288404:ERROR:text_encoding_registry.cc(138)] alias ISO-8859-8-I maps to ISO-8859-8-I already, but someone is trying to make it map to ISO-8859-8
Tem 25, 2018 13:30:54.88 [1:1:0725/133054.886324:ERROR:text_encoding_registry.cc(138)] alias ISO-8859-8-I maps to ISO-8859-8-I already, but someone is trying to make it map to ISO-8859-8
Tem 25, 2018 13:30:54.89 [1:1:0725/133054.896284:ERROR:text_encoding_registry.cc(138)] alias ISO-8859-8-I maps to ISO-8859-8-I already, but someone is trying to make it map to ISO-8859-8
Tem 25, 2018 13:31:05.47 [18211:18211:0725/133105.477511:ERROR:in_progress_cache_impl.cc(188)] Cache is not initialized, cannot RetrieveEntry.
Tem 25, 2018 13:31:05.53 [1:1:0725/133105.530043:ERROR:text_encoding_registry.cc(138)] alias ISO-8859-8-I maps to ISO-8859-8-I already, but someone is trying to make it map to ISO-8859-8
Tem 25, 2018 13:31:05.53 [1:1:0725/133105.534108:ERROR:text_encoding_registry.cc(138)] alias ISO-8859-8-I maps to ISO-8859-8-I already, but someone is trying to make it map to ISO-8859-8
Tem 25, 2018 13:31:13.65 [1:1:0725/133113.658599:ERROR:text_encoding_registry.cc(138)] alias ISO-8859-8-I maps to ISO-8859-8-I already, but someone is trying to make it map to ISO-8859-8
Tem 25, 2018 13:31:13.66 [1:1:0725/133113.667691:ERROR:text_encoding_registry.cc(138)] alias ISO-8859-8-I maps to ISO-8859-8-I already, but someone is trying to make it map to ISO-8859-8
Tem 25, 2018 13:32:22.71 [1:1:0725/133222.710027:ERROR:text_encoding_registry.cc(138)] alias ISO-8859-8-I maps to ISO-8859-8-I already, but someone is trying to make it map to ISO-8859-8
Tem 25, 2018 13:32:22.71 [1:1:0725/133222.710554:ERROR:text_encoding_registry.cc(138)] alias ISO-8859-8-I maps to ISO-8859-8-I already, but someone is trying to make it map to ISO-8859-8
Tem 25, 2018 13:32:35.20 [1:1:0725/133235.207935:ERROR:text_encoding_registry.cc(138)] alias ISO-8859-8-I maps to ISO-8859-8-I already, but someone is trying to make it map to ISO-8859-8
Tem 25, 2018 13:32:35.21 [1:1:0725/133235.212708:ERROR:text_encoding_registry.cc(138)] alias ISO-8859-8-I maps to ISO-8859-8-I already, but someone is trying to make it map to ISO-8859-8
Tem 25, 2018 13:32:54.69 [19272:19272:0725/133254.691549:ERROR:in_progress_cache_impl.cc(188)] Cache is not initialized, cannot RetrieveEntry.
Tem 25, 2018 13:32:54.74 [1:1:0725/133254.745718:ERROR:text_encoding_registry.cc(138)] alias ISO-8859-8-I maps to ISO-8859-8-I already, but someone is trying to make it map to ISO-8859-8
Tem 25, 2018 13:32:54.75 [1:1:0725/133254.747411:ERROR:text_encoding_registry.cc(138)] alias ISO-8859-8-I maps to ISO-8859-8-I already, but someone is trying to make it map to ISO-8859-8
Tem 25, 2018 13:33:19.91 Gtk-Message: 13:33:19.915: GtkDialog mapped without a transient parent. This is discouraged.
Tem 25, 2018 13:36:17.17 [1:1:0725/133617.174686:ERROR:text_encoding_registry.cc(138)] alias ISO-8859-8-I maps to ISO-8859-8-I already, but someone is trying to make it map to ISO-8859-8
Tem 25, 2018 13:36:17.28 Mevcut tarayıcı oturumunda yeni pencere oluşturuldu.
Tem 25, 2018 13:37:56.37 [1:1:0725/133756.374135:ERROR:text_encoding_registry.cc(138)] alias ISO-8859-8-I maps to ISO-8859-8-I already, but someone is trying to make it map to ISO-8859-8
Tem 25, 2018 13:37:56.37 [1:1:0725/133756.379553:ERROR:text_encoding_registry.cc(138)] alias ISO-8859-8-I maps to ISO-8859-8-I already, but someone is trying to make it map to ISO-8859-8
Tem 25, 2018 13:39:07.04 [1:1:0725/133907.042960:ERROR:text_encoding_registry.cc(138)] alias ISO-8859-8-I maps to ISO-8859-8-I already, but someone is trying to make it map to ISO-8859-8
Tem 25, 2018 13:39:07.05 [1:1:0725/133907.053594:ERROR:text_encoding_registry.cc(138)] alias ISO-8859-8-I maps to ISO-8859-8-I already, but someone is trying to make it map to ISO-8859-8
Tem 25, 2018 13:39:30.02 [1:1:0725/133930.020751:ERROR:text_encoding_registry.cc(138)] alias ISO-8859-8-I maps to ISO-8859-8-I already, but someone is trying to make it map to ISO-8859-8
Tem 25, 2018 13:39:30.04 [1:1:0725/133930.043502:ERROR:text_encoding_registry.cc(138)] alias ISO-8859-8-I maps to ISO-8859-8-I already, but someone is trying to make it map to ISO-8859-8
Tem 25, 2018 13:40:07.66 [1:1:0725/134007.668095:ERROR:text_encoding_registry.cc(138)] alias ISO-8859-8-I maps to ISO-8859-8-I already, but someone is trying to make it map to ISO-8859-8
Tem 25, 2018 13:40:07.67 [1:1:0725/134007.675016:ERROR:text_encoding_registry.cc(138)] alias ISO-8859-8-I maps to ISO-8859-8-I already, but someone is trying to make it map to ISO-8859-8
Tem 25, 2018 13:40:30.62 [1:1:0725/134030.624506:ERROR:text_encoding_registry.cc(138)] alias ISO-8859-8-I maps to ISO-8859-8-I already, but someone is trying to make it map to ISO-8859-8
Tem 25, 2018 13:40:30.63 [1:1:0725/134030.634466:ERROR:text_encoding_registry.cc(138)] alias ISO-8859-8-I maps to ISO-8859-8-I already, but someone is trying to make it map to ISO-8859-8
Tem 25, 2018 13:40:53.16 [1:1:0725/134053.167453:ERROR:text_encoding_registry.cc(138)] alias ISO-8859-8-I maps to ISO-8859-8-I already, but someone is trying to make it map to ISO-8859-8
Tem 25, 2018 13:40:53.17 [1:1:0725/134053.177846:ERROR:text_encoding_registry.cc(138)] alias ISO-8859-8-I maps to ISO-8859-8-I already, but someone is trying to make it map to ISO-8859-8
Tem 25, 2018 13:41:10.35 [1:1:0725/134110.356731:ERROR:text_encoding_registry.cc(138)] alias ISO-8859-8-I maps to ISO-8859-8-I already, but someone is trying to make it map to ISO-8859-8
Tem 25, 2018 13:41:10.36 [1:1:0725/134110.361606:ERROR:text_encoding_registry.cc(138)] alias ISO-8859-8-I maps to ISO-8859-8-I already, but someone is trying to make it map to ISO-8859-8
Tem 25, 2018 13:41:14.96 [21618:21618:0725/134114.963278:ERROR:buffer_manager.cc(461)] [.DisplayCompositor-0x3f2b9371c700]GL ERROR :GL_INVALID_OPERATION : glBufferData: <- error from previous GL command
Tem 25, 2018 13:52:32.58 [1:1:0725/135232.584267:ERROR:text_encoding_registry.cc(138)] alias ISO-8859-8-I maps to ISO-8859-8-I already, but someone is trying to make it map to ISO-8859-8
Tem 25, 2018 13:52:32.58 [1:1:0725/135232.588185:ERROR:text_encoding_registry.cc(138)] alias ISO-8859-8-I maps to ISO-8859-8-I already, but someone is trying to make it map to ISO-8859-8
Tem 25, 2018 13:57:01.60 [1:1:0725/135701.608117:ERROR:text_encoding_registry.cc(138)] alias ISO-8859-8-I maps to ISO-8859-8-I already, but someone is trying to make it map to ISO-8859-8
Tem 25, 2018 13:57:01.61 [1:1:0725/135701.612500:ERROR:text_encoding_registry.cc(138)] alias ISO-8859-8-I maps to ISO-8859-8-I already, but someone is trying to make it map to ISO-8859-8
Tem 25, 2018 13:58:35.01 [1:1:0725/135835.001533:ERROR:text_encoding_registry.cc(138)] alias ISO-8859-8-I maps to ISO-8859-8-I already, but someone is trying to make it map to ISO-8859-8
Tem 25, 2018 13:58:35.11 Mevcut tarayıcı oturumunda yeni pencere oluşturuldu.
Tem 25, 2018 14:03:02.63 [23527:23527:0725/140302.631920:ERROR:in_progress_cache_impl.cc(188)] Cache is not initialized, cannot RetrieveEntry.
Tem 25, 2018 14:03:02.68 [1:1:0725/140302.685837:ERROR:text_encoding_registry.cc(138)] alias ISO-8859-8-I maps to ISO-8859-8-I already, but someone is trying to make it map to ISO-8859-8
Tem 25, 2018 14:03:02.69 [1:1:0725/140302.693994:ERROR:text_encoding_registry.cc(138)] alias ISO-8859-8-I maps to ISO-8859-8-I already, but someone is trying to make it map to ISO-8859-8
Tem 25, 2018 14:09:11.65 [1:1:0725/140911.657061:ERROR:text_encoding_registry.cc(138)] alias ISO-8859-8-I maps to ISO-8859-8-I already, but someone is trying to make it map to ISO-8859-8
Tem 25, 2018 14:09:11.84 Mevcut tarayıcı oturumunda yeni pencere oluşturuldu.
Tem 25, 2018 14:09:24.38 [1:1:0725/140924.386847:ERROR:text_encoding_registry.cc(138)] alias ISO-8859-8-I maps to ISO-8859-8-I already, but someone is trying to make it map to ISO-8859-8
Tem 25, 2018 14:09:24.38 [1:1:0725/140924.389245:ERROR:text_encoding_registry.cc(138)] alias ISO-8859-8-I maps to ISO-8859-8-I already, but someone is trying to make it map to ISO-8859-8
Tem 25, 2018 14:12:04.09 [1:1:0725/141204.094597:ERROR:text_encoding_registry.cc(138)] alias ISO-8859-8-I maps to ISO-8859-8-I already, but someone is trying to make it map to ISO-8859-8
Tem 25, 2018 14:12:04.09 [1:1:0725/141204.097318:ERROR:text_encoding_registry.cc(138)] alias ISO-8859-8-I maps to ISO-8859-8-I already, but someone is trying to make it map to ISO-8859-8
Tem 25, 2018 14:18:08.21 [1:1:0725/141808.213726:ERROR:text_encoding_registry.cc(138)] alias ISO-8859-8-I maps to ISO-8859-8-I already, but someone is trying to make it map to ISO-8859-8
Tem 25, 2018 14:18:08.21 [1:1:0725/141808.217985:ERROR:text_encoding_registry.cc(138)] alias ISO-8859-8-I maps to ISO-8859-8-I already, but someone is trying to make it map to ISO-8859-8
Tem 25, 2018 14:20:12.49 [1:1:0725/142012.492558:ERROR:text_encoding_registry.cc(138)] alias ISO-8859-8-I maps to ISO-8859-8-I already, but someone is trying to make it map to ISO-8859-8
Tem 25, 2018 14:20:12.49 [1:1:0725/142012.496466:ERROR:text_encoding_registry.cc(138)] alias ISO-8859-8-I maps to ISO-8859-8-I already, but someone is trying to make it map to ISO-8859-8
Tem 25, 2018 14:31:22.18 [1:1:0725/143122.173097:ERROR:text_encoding_registry.cc(138)] alias ISO-8859-8-I maps to ISO-8859-8-I already, but someone is trying to make it map to ISO-8859-8
Tem 25, 2018 14:32:21.88 [26048:26048:0725/143221.881173:ERROR:in_progress_cache_impl.cc(188)] Cache is not initialized, cannot RetrieveEntry.
Tem 25, 2018 14:32:21.93 [1:1:0725/143221.939817:ERROR:text_encoding_registry.cc(138)] alias ISO-8859-8-I maps to ISO-8859-8-I already, but someone is trying to make it map to ISO-8859-8
Tem 25, 2018 14:32:21.94 [1:1:0725/143221.940706:ERROR:text_encoding_registry.cc(138)] alias ISO-8859-8-I maps to ISO-8859-8-I already, but someone is trying to make it map to ISO-8859-8
Tem 25, 2018 14:32:41.22 [1:1:0725/143241.224071:ERROR:text_encoding_registry.cc(138)] alias ISO-8859-8-I maps to ISO-8859-8-I already, but someone is trying to make it map to ISO-8859-8
Tem 25, 2018 14:32:41.22 [1:1:0725/143241.226193:ERROR:text_encoding_registry.cc(138)] alias ISO-8859-8-I maps to ISO-8859-8-I already, but someone is trying to make it map to ISO-8859-8
Tem 25, 2018 14:33:32.80 [1:1:0725/143332.808009:ERROR:text_encoding_registry.cc(138)] alias ISO-8859-8-I maps to ISO-8859-8-I already, but someone is trying to make it map to ISO-8859-8
Tem 25, 2018 14:33:32.81 [1:1:0725/143332.811762:ERROR:text_encoding_registry.cc(138)] alias ISO-8859-8-I maps to ISO-8859-8-I already, but someone is trying to make it map to ISO-8859-8
Tem 25, 2018 14:48:24.64 [27789:27789:0725/144824.648574:ERROR:in_progress_cache_impl.cc(188)] Cache is not initialized, cannot RetrieveEntry.
Tem 25, 2018 14:48:24.69 [1:1:0725/144824.695398:ERROR:text_encoding_registry.cc(138)] alias ISO-8859-8-I maps to ISO-8859-8-I already, but someone is trying to make it map to ISO-8859-8
Tem 25, 2018 14:48:24.69 [1:1:0725/144824.696227:ERROR:text_encoding_registry.cc(138)] alias ISO-8859-8-I maps to ISO-8859-8-I already, but someone is trying to make it map to ISO-8859-8
Tem 25, 2018 15:31:20.73 [1:1:0725/153120.729793:ERROR:text_encoding_registry.cc(138)] alias ISO-8859-8-I maps to ISO-8859-8-I already, but someone is trying to make it map to ISO-8859-8
Tem 25, 2018 15:31:20.94 Mevcut tarayıcı oturumunda yeni pencere oluşturuldu.
Tem 25, 2018 15:31:29.37 [1:1:0725/153129.377498:ERROR:text_encoding_registry.cc(138)] alias ISO-8859-8-I maps to ISO-8859-8-I already, but someone is trying to make it map to ISO-8859-8
Tem 25, 2018 15:31:29.38 [1:1:0725/153129.382199:ERROR:text_encoding_registry.cc(138)] alias ISO-8859-8-I maps to ISO-8859-8-I already, but someone is trying to make it map to ISO-8859-8
Tem 25, 2018 15:32:14.02 [28879:28879:0725/153214.020843:ERROR:in_progress_cache_impl.cc(188)] Cache is not initialized, cannot RetrieveEntry.
Tem 25, 2018 15:32:14.06 [1:1:0725/153214.069209:ERROR:text_encoding_registry.cc(138)] alias ISO-8859-8-I maps to ISO-8859-8-I already, but someone is trying to make it map to ISO-8859-8
Tem 25, 2018 15:32:14.07 [1:1:0725/153214.079811:ERROR:text_encoding_registry.cc(138)] alias ISO-8859-8-I maps to ISO-8859-8-I already, but someone is trying to make it map to ISO-8859-8
